-------------------------------------------------------------------------------
Test set: com.efrei.ProjetPfeApplicationTests
-------------------------------------------------------------------------------
Tests run: 1, Failures: 0, Errors: 1, Skipped: 0, Time elapsed: 12.869 s <<< FAILURE! - in com.efrei.ProjetPfeApplicationTests
contextLoads  Time elapsed: 0.005 s  <<< ERROR!
java.lang.IllegalStateException: Failed to load ApplicationContext
Caused by: org.springframework.beans.factory.BeanCreationException: 
Error creating bean with name 'requestMappingHandlerMapping' defined in class path resource [org/springframework/boot/autoconfigure/web/servlet/WebMvcAutoConfiguration$EnableWebMvcConfiguration.class]: Invocation of init method failed; nested exception is java.lang.IllegalStateException: Ambiguous mapping. Cannot map 'myController' method 
com.efrei.web.MyController#save32(Model, DuctSystemTypes)
to {POST [/admin/saveDuctSystemTypes]}: There is already 'myController' bean method
com.efrei.web.MyController#save29(Model, DuctSystemTypes) mapped.
Caused by: java.lang.IllegalStateException: 
Ambiguous mapping. Cannot map 'myController' method 
com.efrei.web.MyController#save32(Model, DuctSystemTypes)
to {POST [/admin/saveDuctSystemTypes]}: There is already 'myController' bean method
com.efrei.web.MyController#save29(Model, DuctSystemTypes) mapped.

